----
No hay dispositivos conectados
----
----
No hay dispositivos conectados
----
----
No hay dispositivos conectados
----
----
No hay dispositivos conectados
----
----
No hay dispositivos conectados
----
----
No hay dispositivos conectados
----
----
No hay dispositivos conectados
----
----
No hay dispositivos conectados
----
----
No hay dispositivos conectados
----
----
No hay dispositivos conectados
----
----
No hay dispositivos conectados
----
----
No hay dispositivos conectados
----
----
No hay dispositivos conectados
----
----
No hay dispositivos conectados
----
----
No hay dispositivos conectados
----
----
No hay dispositivos conectados
----
----
No hay dispositivos conectados
----
----
No hay dispositivos conectados
----
----
No hay dispositivos conectados
----
----
No hay dispositivos conectados
----
----
No hay dispositivos conectados
----
----
No hay dispositivos conectados
----
ONA
id(idVendor:idProduct)= 18a5:0304
scsi = Verbatim
-----------
